<?xml version="1.0" encoding="UTF-8"?>
<testsuite xmlns:xsi="http://www.w3.org/2001/XMLSchema-instance" xsi:noNamespaceSchemaLocation="https://maven.apache.org/surefire/maven-surefire-plugin/xsd/surefire-test-report-3.0.xsd" version="3.0" name="downFile.TestFileDownload" time="0.021" tests="1" errors="0" skipped="0" failures="0">
  <properties>
[...]
</properties>
  <testcase name="test" classname="downFile.TestFileDownload" time="0.003">
    <system-out><![CDATA[tumblr_mpzdiyv9rw1rwe56eo1_1280.jpg
/usr/local/img
]]></system-out>
    <system-err><![CDATA[下载目录不存在
]]></system-err>
  </testcase>
</testsuite>